Started GET "/home/top" for ::1 at 2022-01-24 17:47:19 +0200
  
ActiveRecord::NoDatabaseError (We could not find your database: hellorails_development. Which can be found in the database configuration file located at config/database.yml.

To resolve this issue:

- Did you create the database for this app, or delete it? You may need to create your database.
- Has the database name changed? Check your database.yml config has the correct database name.

To create your database, run:

        bin/rails db:create
):
  
activerecord (7.0.1) lib/active_record/connection_adapters/postgresql_adapter.rb:81:in `rescue in new_client'
activerecord (7.0.1) lib/active_record/connection_adapters/postgresql_adapter.rb:77:in `new_client'
activerecord (7.0.1) lib/active_record/connection_adapters/postgresql_adapter.rb:37:in `postgresql_connection'
activerecord (7.0.1) lib/active_record/connection_adapters/abstract/connection_pool.rb:656:in `public_send'
activerecord (7.0.1) lib/active_record/connection_adapters/abstract/connection_pool.rb:656:in `new_connection'
activerecord (7.0.1) lib/active_record/connection_adapters/abstract/connection_pool.rb:700:in `checkout_new_connection'
activerecord (7.0.1) lib/active_record/connection_adapters/abstract/connection_pool.rb:679:in `try_to_checkout_new_connection'
activerecord (7.0.1) lib/active_record/connection_adapters/abstract/connection_pool.rb:640:in `acquire_connection'
activerecord (7.0.1) lib/active_record/connection_adapters/abstract/connection_pool.rb:341:in `checkout'
activerecord (7.0.1) lib/active_record/connection_adapters/abstract/connection_pool.rb:181:in `connection'
activerecord (7.0.1) lib/active_record/connection_adapters/abstract/connection_handler.rb:211:in `retrieve_connection'
activerecord (7.0.1) lib/active_record/connection_handling.rb:313:in `retrieve_connection'
activerecord (7.0.1) lib/active_record/connection_handling.rb:280:in `connection'
activerecord (7.0.1) lib/active_record/migration.rb:613:in `connection'
activerecord (7.0.1) lib/active_record/migration.rb:608:in `build_watcher'
activerecord (7.0.1) lib/active_record/migration.rb:590:in `block in call'
activerecord (7.0.1) lib/active_record/migration.rb:589:in `synchronize'
activerecord (7.0.1) lib/active_record/migration.rb:589:in `call'
actionpack (7.0.1) lib/action_dispatch/middleware/callbacks.rb:27:in `block in call'
activesupport (7.0.1) lib/active_support/callbacks.rb:99:in `run_callbacks'
actionpack (7.0.1) lib/action_dispatch/middleware/callbacks.rb:26:in `call'
actionpack (7.0.1) lib/action_dispatch/middleware/executor.rb:14:in `call'
actionpack (7.0.1) lib/action_dispatch/middleware/actionable_exceptions.rb:17:in `call'
actionpack (7.0.1) lib/action_dispatch/middleware/debug_exceptions.rb:28:in `call'
web-console (4.2.0) lib/web_console/middleware.rb:132:in `call_app'
web-console (4.2.0) lib/web_console/middleware.rb:28:in `block in call'
web-console (4.2.0) lib/web_console/middleware.rb:17:in `catch'
web-console (4.2.0) lib/web_console/middleware.rb:17:in `call'
actionpack (7.0.1) lib/action_dispatch/middleware/show_exceptions.rb:26:in `call'
railties (7.0.1) lib/rails/rack/logger.rb:36:in `call_app'
railties (7.0.1) lib/rails/rack/logger.rb:25:in `block in call'
activesupport (7.0.1) lib/active_support/tagged_logging.rb:99:in `block in tagged'
activesupport (7.0.1) lib/active_support/tagged_logging.rb:37:in `tagged'
activesupport (7.0.1) lib/active_support/tagged_logging.rb:99:in `tagged'
railties (7.0.1) lib/rails/rack/logger.rb:25:in `call'
sprockets-rails (3.4.2) lib/sprockets/rails/quiet_assets.rb:13:in `call'
actionpack (7.0.1) lib/action_dispatch/middleware/remote_ip.rb:93:in `call'
actionpack (7.0.1) lib/action_dispatch/middleware/request_id.rb:26:in `call'
rack (2.2.3) lib/rack/method_override.rb:24:in `call'
rack (2.2.3) lib/rack/runtime.rb:22:in `call'
activesupport (7.0.1) lib/active_support/cache/strategy/local_cache_middleware.rb:29:in `call'
actionpack (7.0.1) lib/action_dispatch/middleware/server_timing.rb:20:in `call'
actionpack (7.0.1) lib/action_dispatch/middleware/executor.rb:14:in `call'
actionpack (7.0.1) lib/action_dispatch/middleware/static.rb:23:in `call'
rack (2.2.3) lib/rack/sendfile.rb:110:in `call'
actionpack (7.0.1) lib/action_dispatch/middleware/host_authorization.rb:137:in `call'
railties (7.0.1) lib/rails/engine.rb:530:in `call'
puma (5.5.2) lib/puma/configuration.rb:249:in `call'
puma (5.5.2) lib/puma/request.rb:77:in `block in handle_request'
puma (5.5.2) lib/puma/thread_pool.rb:340:in `with_force_shutdown'
puma (5.5.2) lib/puma/request.rb:76:in `handle_request'
puma (5.5.2) lib/puma/server.rb:447:in `process_client'
puma (5.5.2) lib/puma/thread_pool.rb:147:in `block in spawn_thread'
Started GET "/" for ::1 at 2022-01-24 17:47:22 +0200
  
ActiveRecord::NoDatabaseError (We could not find your database: hellorails_development. Which can be found in the database configuration file located at config/database.yml.

To resolve this issue:

- Did you create the database for this app, or delete it? You may need to create your database.
- Has the database name changed? Check your database.yml config has the correct database name.

To create your database, run:

        bin/rails db:create
):
  
activerecord (7.0.1) lib/active_record/connection_adapters/postgresql_adapter.rb:81:in `rescue in new_client'
activerecord (7.0.1) lib/active_record/connection_adapters/postgresql_adapter.rb:77:in `new_client'
activerecord (7.0.1) lib/active_record/connection_adapters/postgresql_adapter.rb:37:in `postgresql_connection'
activerecord (7.0.1) lib/active_record/connection_adapters/abstract/connection_pool.rb:656:in `public_send'
activerecord (7.0.1) lib/active_record/connection_adapters/abstract/connection_pool.rb:656:in `new_connection'
activerecord (7.0.1) lib/active_record/connection_adapters/abstract/connection_pool.rb:700:in `checkout_new_connection'
activerecord (7.0.1) lib/active_record/connection_adapters/abstract/connection_pool.rb:679:in `try_to_checkout_new_connection'
activerecord (7.0.1) lib/active_record/connection_adapters/abstract/connection_pool.rb:640:in `acquire_connection'
activerecord (7.0.1) lib/active_record/connection_adapters/abstract/connection_pool.rb:341:in `checkout'
activerecord (7.0.1) lib/active_record/connection_adapters/abstract/connection_pool.rb:181:in `connection'
activerecord (7.0.1) lib/active_record/connection_adapters/abstract/connection_handler.rb:211:in `retrieve_connection'
activerecord (7.0.1) lib/active_record/connection_handling.rb:313:in `retrieve_connection'
activerecord (7.0.1) lib/active_record/connection_handling.rb:280:in `connection'
activerecord (7.0.1) lib/active_record/migration.rb:613:in `connection'
activerecord (7.0.1) lib/active_record/migration.rb:608:in `build_watcher'
activerecord (7.0.1) lib/active_record/migration.rb:590:in `block in call'
activerecord (7.0.1) lib/active_record/migration.rb:589:in `synchronize'
activerecord (7.0.1) lib/active_record/migration.rb:589:in `call'
actionpack (7.0.1) lib/action_dispatch/middleware/callbacks.rb:27:in `block in call'
activesupport (7.0.1) lib/active_support/callbacks.rb:99:in `run_callbacks'
actionpack (7.0.1) lib/action_dispatch/middleware/callbacks.rb:26:in `call'
actionpack (7.0.1) lib/action_dispatch/middleware/executor.rb:14:in `call'
actionpack (7.0.1) lib/action_dispatch/middleware/actionable_exceptions.rb:17:in `call'
actionpack (7.0.1) lib/action_dispatch/middleware/debug_exceptions.rb:28:in `call'
web-console (4.2.0) lib/web_console/middleware.rb:132:in `call_app'
web-console (4.2.0) lib/web_console/middleware.rb:28:in `block in call'
web-console (4.2.0) lib/web_console/middleware.rb:17:in `catch'
web-console (4.2.0) lib/web_console/middleware.rb:17:in `call'
actionpack (7.0.1) lib/action_dispatch/middleware/show_exceptions.rb:26:in `call'
railties (7.0.1) lib/rails/rack/logger.rb:36:in `call_app'
railties (7.0.1) lib/rails/rack/logger.rb:25:in `block in call'
activesupport (7.0.1) lib/active_support/tagged_logging.rb:99:in `block in tagged'
activesupport (7.0.1) lib/active_support/tagged_logging.rb:37:in `tagged'
activesupport (7.0.1) lib/active_support/tagged_logging.rb:99:in `tagged'
railties (7.0.1) lib/rails/rack/logger.rb:25:in `call'
sprockets-rails (3.4.2) lib/sprockets/rails/quiet_assets.rb:13:in `call'
actionpack (7.0.1) lib/action_dispatch/middleware/remote_ip.rb:93:in `call'
actionpack (7.0.1) lib/action_dispatch/middleware/request_id.rb:26:in `call'
rack (2.2.3) lib/rack/method_override.rb:24:in `call'
rack (2.2.3) lib/rack/runtime.rb:22:in `call'
activesupport (7.0.1) lib/active_support/cache/strategy/local_cache_middleware.rb:29:in `call'
actionpack (7.0.1) lib/action_dispatch/middleware/server_timing.rb:20:in `call'
actionpack (7.0.1) lib/action_dispatch/middleware/executor.rb:14:in `call'
actionpack (7.0.1) lib/action_dispatch/middleware/static.rb:23:in `call'
rack (2.2.3) lib/rack/sendfile.rb:110:in `call'
actionpack (7.0.1) lib/action_dispatch/middleware/host_authorization.rb:137:in `call'
railties (7.0.1) lib/rails/engine.rb:530:in `call'
puma (5.5.2) lib/puma/configuration.rb:249:in `call'
puma (5.5.2) lib/puma/request.rb:77:in `block in handle_request'
puma (5.5.2) lib/puma/thread_pool.rb:340:in `with_force_shutdown'
puma (5.5.2) lib/puma/request.rb:76:in `handle_request'
puma (5.5.2) lib/puma/server.rb:447:in `process_client'
puma (5.5.2) lib/puma/thread_pool.rb:147:in `block in spawn_thread'
Started GET "/" for ::1 at 2022-01-24 17:47:28 +0200
  
ActiveRecord::NoDatabaseError (We could not find your database: hellorails_development. Which can be found in the database configuration file located at config/database.yml.

To resolve this issue:

- Did you create the database for this app, or delete it? You may need to create your database.
- Has the database name changed? Check your database.yml config has the correct database name.

To create your database, run:

        bin/rails db:create
):
  
activerecord (7.0.1) lib/active_record/connection_adapters/postgresql_adapter.rb:81:in `rescue in new_client'
activerecord (7.0.1) lib/active_record/connection_adapters/postgresql_adapter.rb:77:in `new_client'
activerecord (7.0.1) lib/active_record/connection_adapters/postgresql_adapter.rb:37:in `postgresql_connection'
activerecord (7.0.1) lib/active_record/connection_adapters/abstract/connection_pool.rb:656:in `public_send'
activerecord (7.0.1) lib/active_record/connection_adapters/abstract/connection_pool.rb:656:in `new_connection'
activerecord (7.0.1) lib/active_record/connection_adapters/abstract/connection_pool.rb:700:in `checkout_new_connection'
activerecord (7.0.1) lib/active_record/connection_adapters/abstract/connection_pool.rb:679:in `try_to_checkout_new_connection'
activerecord (7.0.1) lib/active_record/connection_adapters/abstract/connection_pool.rb:640:in `acquire_connection'
activerecord (7.0.1) lib/active_record/connection_adapters/abstract/connection_pool.rb:341:in `checkout'
activerecord (7.0.1) lib/active_record/connection_adapters/abstract/connection_pool.rb:181:in `connection'
activerecord (7.0.1) lib/active_record/connection_adapters/abstract/connection_handler.rb:211:in `retrieve_connection'
activerecord (7.0.1) lib/active_record/connection_handling.rb:313:in `retrieve_connection'
activerecord (7.0.1) lib/active_record/connection_handling.rb:280:in `connection'
activerecord (7.0.1) lib/active_record/migration.rb:613:in `connection'
activerecord (7.0.1) lib/active_record/migration.rb:608:in `build_watcher'
activerecord (7.0.1) lib/active_record/migration.rb:590:in `block in call'
activerecord (7.0.1) lib/active_record/migration.rb:589:in `synchronize'
activerecord (7.0.1) lib/active_record/migration.rb:589:in `call'
actionpack (7.0.1) lib/action_dispatch/middleware/callbacks.rb:27:in `block in call'
activesupport (7.0.1) lib/active_support/callbacks.rb:99:in `run_callbacks'
actionpack (7.0.1) lib/action_dispatch/middleware/callbacks.rb:26:in `call'
actionpack (7.0.1) lib/action_dispatch/middleware/executor.rb:14:in `call'
actionpack (7.0.1) lib/action_dispatch/middleware/actionable_exceptions.rb:17:in `call'
actionpack (7.0.1) lib/action_dispatch/middleware/debug_exceptions.rb:28:in `call'
web-console (4.2.0) lib/web_console/middleware.rb:132:in `call_app'
web-console (4.2.0) lib/web_console/middleware.rb:28:in `block in call'
web-console (4.2.0) lib/web_console/middleware.rb:17:in `catch'
web-console (4.2.0) lib/web_console/middleware.rb:17:in `call'
actionpack (7.0.1) lib/action_dispatch/middleware/show_exceptions.rb:26:in `call'
railties (7.0.1) lib/rails/rack/logger.rb:36:in `call_app'
railties (7.0.1) lib/rails/rack/logger.rb:25:in `block in call'
activesupport (7.0.1) lib/active_support/tagged_logging.rb:99:in `block in tagged'
activesupport (7.0.1) lib/active_support/tagged_logging.rb:37:in `tagged'
activesupport (7.0.1) lib/active_support/tagged_logging.rb:99:in `tagged'
railties (7.0.1) lib/rails/rack/logger.rb:25:in `call'
sprockets-rails (3.4.2) lib/sprockets/rails/quiet_assets.rb:13:in `call'
actionpack (7.0.1) lib/action_dispatch/middleware/remote_ip.rb:93:in `call'
actionpack (7.0.1) lib/action_dispatch/middleware/request_id.rb:26:in `call'
rack (2.2.3) lib/rack/method_override.rb:24:in `call'
rack (2.2.3) lib/rack/runtime.rb:22:in `call'
activesupport (7.0.1) lib/active_support/cache/strategy/local_cache_middleware.rb:29:in `call'
actionpack (7.0.1) lib/action_dispatch/middleware/server_timing.rb:20:in `call'
actionpack (7.0.1) lib/action_dispatch/middleware/executor.rb:14:in `call'
actionpack (7.0.1) lib/action_dispatch/middleware/static.rb:23:in `call'
rack (2.2.3) lib/rack/sendfile.rb:110:in `call'
actionpack (7.0.1) lib/action_dispatch/middleware/host_authorization.rb:137:in `call'
railties (7.0.1) lib/rails/engine.rb:530:in `call'
puma (5.5.2) lib/puma/configuration.rb:249:in `call'
puma (5.5.2) lib/puma/request.rb:77:in `block in handle_request'
puma (5.5.2) lib/puma/thread_pool.rb:340:in `with_force_shutdown'
puma (5.5.2) lib/puma/request.rb:76:in `handle_request'
puma (5.5.2) lib/puma/server.rb:447:in `process_client'
puma (5.5.2) lib/puma/thread_pool.rb:147:in `block in spawn_thread'
Started GET "/" for 127.0.0.1 at 2022-01-24 17:48:03 +0200
  
ActiveRecord::NoDatabaseError (We could not find your database: hellorails_development. Which can be found in the database configuration file located at config/database.yml.

To resolve this issue:

- Did you create the database for this app, or delete it? You may need to create your database.
- Has the database name changed? Check your database.yml config has the correct database name.

To create your database, run:

        bin/rails db:create
):
  
activerecord (7.0.1) lib/active_record/connection_adapters/postgresql_adapter.rb:81:in `rescue in new_client'
activerecord (7.0.1) lib/active_record/connection_adapters/postgresql_adapter.rb:77:in `new_client'
activerecord (7.0.1) lib/active_record/connection_adapters/postgresql_adapter.rb:37:in `postgresql_connection'
activerecord (7.0.1) lib/active_record/connection_adapters/abstract/connection_pool.rb:656:in `public_send'
activerecord (7.0.1) lib/active_record/connection_adapters/abstract/connection_pool.rb:656:in `new_connection'
activerecord (7.0.1) lib/active_record/connection_adapters/abstract/connection_pool.rb:700:in `checkout_new_connection'
activerecord (7.0.1) lib/active_record/connection_adapters/abstract/connection_pool.rb:679:in `try_to_checkout_new_connection'
activerecord (7.0.1) lib/active_record/connection_adapters/abstract/connection_pool.rb:640:in `acquire_connection'
activerecord (7.0.1) lib/active_record/connection_adapters/abstract/connection_pool.rb:341:in `checkout'
activerecord (7.0.1) lib/active_record/connection_adapters/abstract/connection_pool.rb:181:in `connection'
activerecord (7.0.1) lib/active_record/connection_adapters/abstract/connection_handler.rb:211:in `retrieve_connection'
activerecord (7.0.1) lib/active_record/connection_handling.rb:313:in `retrieve_connection'
activerecord (7.0.1) lib/active_record/connection_handling.rb:280:in `connection'
activerecord (7.0.1) lib/active_record/migration.rb:613:in `connection'
activerecord (7.0.1) lib/active_record/migration.rb:608:in `build_watcher'
activerecord (7.0.1) lib/active_record/migration.rb:590:in `block in call'
activerecord (7.0.1) lib/active_record/migration.rb:589:in `synchronize'
activerecord (7.0.1) lib/active_record/migration.rb:589:in `call'
actionpack (7.0.1) lib/action_dispatch/middleware/callbacks.rb:27:in `block in call'
activesupport (7.0.1) lib/active_support/callbacks.rb:99:in `run_callbacks'
actionpack (7.0.1) lib/action_dispatch/middleware/callbacks.rb:26:in `call'
actionpack (7.0.1) lib/action_dispatch/middleware/executor.rb:14:in `call'
actionpack (7.0.1) lib/action_dispatch/middleware/actionable_exceptions.rb:17:in `call'
actionpack (7.0.1) lib/action_dispatch/middleware/debug_exceptions.rb:28:in `call'
web-console (4.2.0) lib/web_console/middleware.rb:132:in `call_app'
web-console (4.2.0) lib/web_console/middleware.rb:28:in `block in call'
web-console (4.2.0) lib/web_console/middleware.rb:17:in `catch'
web-console (4.2.0) lib/web_console/middleware.rb:17:in `call'
actionpack (7.0.1) lib/action_dispatch/middleware/show_exceptions.rb:26:in `call'
railties (7.0.1) lib/rails/rack/logger.rb:36:in `call_app'
railties (7.0.1) lib/rails/rack/logger.rb:25:in `block in call'
activesupport (7.0.1) lib/active_support/tagged_logging.rb:99:in `block in tagged'
activesupport (7.0.1) lib/active_support/tagged_logging.rb:37:in `tagged'
activesupport (7.0.1) lib/active_support/tagged_logging.rb:99:in `tagged'
railties (7.0.1) lib/rails/rack/logger.rb:25:in `call'
sprockets-rails (3.4.2) lib/sprockets/rails/quiet_assets.rb:13:in `call'
actionpack (7.0.1) lib/action_dispatch/middleware/remote_ip.rb:93:in `call'
actionpack (7.0.1) lib/action_dispatch/middleware/request_id.rb:26:in `call'
rack (2.2.3) lib/rack/method_override.rb:24:in `call'
rack (2.2.3) lib/rack/runtime.rb:22:in `call'
activesupport (7.0.1) lib/active_support/cache/strategy/local_cache_middleware.rb:29:in `call'
actionpack (7.0.1) lib/action_dispatch/middleware/server_timing.rb:20:in `call'
actionpack (7.0.1) lib/action_dispatch/middleware/executor.rb:14:in `call'
actionpack (7.0.1) lib/action_dispatch/middleware/static.rb:23:in `call'
rack (2.2.3) lib/rack/sendfile.rb:110:in `call'
actionpack (7.0.1) lib/action_dispatch/middleware/host_authorization.rb:137:in `call'
railties (7.0.1) lib/rails/engine.rb:530:in `call'
puma (5.5.2) lib/puma/configuration.rb:249:in `call'
puma (5.5.2) lib/puma/request.rb:77:in `block in handle_request'
puma (5.5.2) lib/puma/thread_pool.rb:340:in `with_force_shutdown'
puma (5.5.2) lib/puma/request.rb:76:in `handle_request'
puma (5.5.2) lib/puma/server.rb:447:in `process_client'
puma (5.5.2) lib/puma/thread_pool.rb:147:in `block in spawn_thread'
  [1m[35m (1.6ms)[0m  [1m[35mCREATE DATABASE "hellorails_development" ENCODING = 'unicode'[0m
Started GET "/" for ::1 at 2022-01-25 11:20:26 +0200
  
ActiveRecord::NoDatabaseError (We could not find your database: hellorails_development. Which can be found in the database configuration file located at config/database.yml.

To resolve this issue:

- Did you create the database for this app, or delete it? You may need to create your database.
- Has the database name changed? Check your database.yml config has the correct database name.

To create your database, run:

        bin/rails db:create
):
  
activerecord (7.0.1) lib/active_record/connection_adapters/postgresql_adapter.rb:81:in `rescue in new_client'
activerecord (7.0.1) lib/active_record/connection_adapters/postgresql_adapter.rb:77:in `new_client'
activerecord (7.0.1) lib/active_record/connection_adapters/postgresql_adapter.rb:37:in `postgresql_connection'
activerecord (7.0.1) lib/active_record/connection_adapters/abstract/connection_pool.rb:656:in `public_send'
activerecord (7.0.1) lib/active_record/connection_adapters/abstract/connection_pool.rb:656:in `new_connection'
activerecord (7.0.1) lib/active_record/connection_adapters/abstract/connection_pool.rb:700:in `checkout_new_connection'
activerecord (7.0.1) lib/active_record/connection_adapters/abstract/connection_pool.rb:679:in `try_to_checkout_new_connection'
activerecord (7.0.1) lib/active_record/connection_adapters/abstract/connection_pool.rb:640:in `acquire_connection'
activerecord (7.0.1) lib/active_record/connection_adapters/abstract/connection_pool.rb:341:in `checkout'
activerecord (7.0.1) lib/active_record/connection_adapters/abstract/connection_pool.rb:181:in `connection'
activerecord (7.0.1) lib/active_record/connection_adapters/abstract/connection_handler.rb:211:in `retrieve_connection'
activerecord (7.0.1) lib/active_record/connection_handling.rb:313:in `retrieve_connection'
activerecord (7.0.1) lib/active_record/connection_handling.rb:280:in `connection'
activerecord (7.0.1) lib/active_record/migration.rb:613:in `connection'
activerecord (7.0.1) lib/active_record/migration.rb:608:in `build_watcher'
activerecord (7.0.1) lib/active_record/migration.rb:590:in `block in call'
activerecord (7.0.1) lib/active_record/migration.rb:589:in `synchronize'
activerecord (7.0.1) lib/active_record/migration.rb:589:in `call'
actionpack (7.0.1) lib/action_dispatch/middleware/callbacks.rb:27:in `block in call'
activesupport (7.0.1) lib/active_support/callbacks.rb:99:in `run_callbacks'
actionpack (7.0.1) lib/action_dispatch/middleware/callbacks.rb:26:in `call'
actionpack (7.0.1) lib/action_dispatch/middleware/executor.rb:14:in `call'
actionpack (7.0.1) lib/action_dispatch/middleware/actionable_exceptions.rb:17:in `call'
actionpack (7.0.1) lib/action_dispatch/middleware/debug_exceptions.rb:28:in `call'
web-console (4.2.0) lib/web_console/middleware.rb:132:in `call_app'
web-console (4.2.0) lib/web_console/middleware.rb:28:in `block in call'
web-console (4.2.0) lib/web_console/middleware.rb:17:in `catch'
web-console (4.2.0) lib/web_console/middleware.rb:17:in `call'
actionpack (7.0.1) lib/action_dispatch/middleware/show_exceptions.rb:26:in `call'
railties (7.0.1) lib/rails/rack/logger.rb:36:in `call_app'
railties (7.0.1) lib/rails/rack/logger.rb:25:in `block in call'
activesupport (7.0.1) lib/active_support/tagged_logging.rb:99:in `block in tagged'
activesupport (7.0.1) lib/active_support/tagged_logging.rb:37:in `tagged'
activesupport (7.0.1) lib/active_support/tagged_logging.rb:99:in `tagged'
railties (7.0.1) lib/rails/rack/logger.rb:25:in `call'
sprockets-rails (3.4.2) lib/sprockets/rails/quiet_assets.rb:13:in `call'
actionpack (7.0.1) lib/action_dispatch/middleware/remote_ip.rb:93:in `call'
actionpack (7.0.1) lib/action_dispatch/middleware/request_id.rb:26:in `call'
rack (2.2.3) lib/rack/method_override.rb:24:in `call'
rack (2.2.3) lib/rack/runtime.rb:22:in `call'
activesupport (7.0.1) lib/active_support/cache/strategy/local_cache_middleware.rb:29:in `call'
actionpack (7.0.1) lib/action_dispatch/middleware/server_timing.rb:20:in `call'
actionpack (7.0.1) lib/action_dispatch/middleware/executor.rb:14:in `call'
actionpack (7.0.1) lib/action_dispatch/middleware/static.rb:23:in `call'
rack (2.2.3) lib/rack/sendfile.rb:110:in `call'
actionpack (7.0.1) lib/action_dispatch/middleware/host_authorization.rb:137:in `call'
railties (7.0.1) lib/rails/engine.rb:530:in `call'
puma (5.5.2) lib/puma/configuration.rb:249:in `call'
puma (5.5.2) lib/puma/request.rb:77:in `block in handle_request'
puma (5.5.2) lib/puma/thread_pool.rb:340:in `with_force_shutdown'
puma (5.5.2) lib/puma/request.rb:76:in `handle_request'
puma (5.5.2) lib/puma/server.rb:447:in `process_client'
puma (5.5.2) lib/puma/thread_pool.rb:147:in `block in spawn_thread'
Started POST "/rails/actions" for ::1 at 2022-01-25 11:20:38 +0200
  [1m[35m (4.4ms)[0m  [1m[35mCREATE DATABASE "hellorails_development" ENCODING = 'unicode'[0m
  
ActiveRecord::StatementInvalid (PG::InsufficientPrivilege: ERROR:  permission denied to create database
):
  
activerecord (7.0.1) lib/active_record/connection_adapters/postgresql/database_statements.rb:48:in `exec'
activerecord (7.0.1) lib/active_record/connection_adapters/postgresql/database_statements.rb:48:in `block (2 levels) in execute'
activesupport (7.0.1) lib/active_support/concurrency/share_lock.rb:187:in `yield_shares'
activesupport (7.0.1) lib/active_support/dependencies/interlock.rb:41:in `permit_concurrent_loads'
activerecord (7.0.1) lib/active_record/connection_adapters/postgresql/database_statements.rb:47:in `block in execute'
activesupport (7.0.1) lib/active_support/concurrency/load_interlock_aware_monitor.rb:25:in `handle_interrupt'
activesupport (7.0.1) lib/active_support/concurrency/load_interlock_aware_monitor.rb:25:in `block in synchronize'
activesupport (7.0.1) lib/active_support/concurrency/load_interlock_aware_monitor.rb:21:in `handle_interrupt'
activesupport (7.0.1) lib/active_support/concurrency/load_interlock_aware_monitor.rb:21:in `synchronize'
activerecord (7.0.1) lib/active_record/connection_adapters/abstract_adapter.rb:765:in `block in log'
activesupport (7.0.1) lib/active_support/notifications/instrumenter.rb:24:in `instrument'
activerecord (7.0.1) lib/active_record/connection_adapters/abstract_adapter.rb:756:in `log'
activerecord (7.0.1) lib/active_record/connection_adapters/postgresql/database_statements.rb:46:in `execute'
activerecord (7.0.1) lib/active_record/connection_adapters/postgresql/schema_statements.rb:46:in `create_database'
activerecord (7.0.1) lib/active_record/tasks/postgresql_database_tasks.rb:26:in `create'
activerecord (7.0.1) lib/active_record/tasks/database_tasks.rb:122:in `create'
activerecord (7.0.1) lib/active_record/tasks/database_tasks.rb:184:in `block in create_current'
activerecord (7.0.1) lib/active_record/tasks/database_tasks.rb:552:in `block (2 levels) in each_current_configuration'
activerecord (7.0.1) lib/active_record/tasks/database_tasks.rb:549:in `each'
activerecord (7.0.1) lib/active_record/tasks/database_tasks.rb:549:in `block in each_current_configuration'
activerecord (7.0.1) lib/active_record/tasks/database_tasks.rb:548:in `each'
activerecord (7.0.1) lib/active_record/tasks/database_tasks.rb:548:in `each_current_configuration'
activerecord (7.0.1) lib/active_record/tasks/database_tasks.rb:184:in `create_current'
activerecord (7.0.1) lib/active_record/errors.rb:242:in `block in <class:NoDatabaseError>'
activesupport (7.0.1) lib/active_support/actionable_error.rb:28:in `dispatch'
actionpack (7.0.1) lib/action_dispatch/middleware/actionable_exceptions.rb:19:in `call'
actionpack (7.0.1) lib/action_dispatch/middleware/debug_exceptions.rb:28:in `call'
web-console (4.2.0) lib/web_console/middleware.rb:132:in `call_app'
web-console (4.2.0) lib/web_console/middleware.rb:28:in `block in call'
web-console (4.2.0) lib/web_console/middleware.rb:17:in `catch'
web-console (4.2.0) lib/web_console/middleware.rb:17:in `call'
actionpack (7.0.1) lib/action_dispatch/middleware/show_exceptions.rb:26:in `call'
railties (7.0.1) lib/rails/rack/logger.rb:36:in `call_app'
railties (7.0.1) lib/rails/rack/logger.rb:25:in `block in call'
activesupport (7.0.1) lib/active_support/tagged_logging.rb:99:in `block in tagged'
activesupport (7.0.1) lib/active_support/tagged_logging.rb:37:in `tagged'
activesupport (7.0.1) lib/active_support/tagged_logging.rb:99:in `tagged'
railties (7.0.1) lib/rails/rack/logger.rb:25:in `call'
sprockets-rails (3.4.2) lib/sprockets/rails/quiet_assets.rb:13:in `call'
actionpack (7.0.1) lib/action_dispatch/middleware/remote_ip.rb:93:in `call'
actionpack (7.0.1) lib/action_dispatch/middleware/request_id.rb:26:in `call'
rack (2.2.3) lib/rack/method_override.rb:24:in `call'
rack (2.2.3) lib/rack/runtime.rb:22:in `call'
activesupport (7.0.1) lib/active_support/cache/strategy/local_cache_middleware.rb:29:in `call'
actionpack (7.0.1) lib/action_dispatch/middleware/server_timing.rb:20:in `call'
actionpack (7.0.1) lib/action_dispatch/middleware/executor.rb:14:in `call'
actionpack (7.0.1) lib/action_dispatch/middleware/static.rb:23:in `call'
rack (2.2.3) lib/rack/sendfile.rb:110:in `call'
actionpack (7.0.1) lib/action_dispatch/middleware/host_authorization.rb:137:in `call'
railties (7.0.1) lib/rails/engine.rb:530:in `call'
puma (5.5.2) lib/puma/configuration.rb:249:in `call'
puma (5.5.2) lib/puma/request.rb:77:in `block in handle_request'
puma (5.5.2) lib/puma/thread_pool.rb:340:in `with_force_shutdown'
puma (5.5.2) lib/puma/request.rb:76:in `handle_request'
puma (5.5.2) lib/puma/server.rb:447:in `process_client'
puma (5.5.2) lib/puma/thread_pool.rb:147:in `block in spawn_thread'
Started GET "/" for 127.0.0.1 at 2022-01-25 12:17:42 +0200
  
ActiveRecord::NoDatabaseError (We could not find your database: hellorails_development. Which can be found in the database configuration file located at config/database.yml.

To resolve this issue:

- Did you create the database for this app, or delete it? You may need to create your database.
- Has the database name changed? Check your database.yml config has the correct database name.

To create your database, run:

        bin/rails db:create
):
  
activerecord (7.0.1) lib/active_record/connection_adapters/postgresql_adapter.rb:81:in `rescue in new_client'
activerecord (7.0.1) lib/active_record/connection_adapters/postgresql_adapter.rb:77:in `new_client'
activerecord (7.0.1) lib/active_record/connection_adapters/postgresql_adapter.rb:37:in `postgresql_connection'
activerecord (7.0.1) lib/active_record/connection_adapters/abstract/connection_pool.rb:656:in `public_send'
activerecord (7.0.1) lib/active_record/connection_adapters/abstract/connection_pool.rb:656:in `new_connection'
activerecord (7.0.1) lib/active_record/connection_adapters/abstract/connection_pool.rb:700:in `checkout_new_connection'
activerecord (7.0.1) lib/active_record/connection_adapters/abstract/connection_pool.rb:679:in `try_to_checkout_new_connection'
activerecord (7.0.1) lib/active_record/connection_adapters/abstract/connection_pool.rb:640:in `acquire_connection'
activerecord (7.0.1) lib/active_record/connection_adapters/abstract/connection_pool.rb:341:in `checkout'
activerecord (7.0.1) lib/active_record/connection_adapters/abstract/connection_pool.rb:181:in `connection'
activerecord (7.0.1) lib/active_record/connection_adapters/abstract/connection_handler.rb:211:in `retrieve_connection'
activerecord (7.0.1) lib/active_record/connection_handling.rb:313:in `retrieve_connection'
activerecord (7.0.1) lib/active_record/connection_handling.rb:280:in `connection'
activerecord (7.0.1) lib/active_record/migration.rb:613:in `connection'
activerecord (7.0.1) lib/active_record/migration.rb:608:in `build_watcher'
activerecord (7.0.1) lib/active_record/migration.rb:590:in `block in call'
activerecord (7.0.1) lib/active_record/migration.rb:589:in `synchronize'
activerecord (7.0.1) lib/active_record/migration.rb:589:in `call'
actionpack (7.0.1) lib/action_dispatch/middleware/callbacks.rb:27:in `block in call'
activesupport (7.0.1) lib/active_support/callbacks.rb:99:in `run_callbacks'
actionpack (7.0.1) lib/action_dispatch/middleware/callbacks.rb:26:in `call'
actionpack (7.0.1) lib/action_dispatch/middleware/executor.rb:14:in `call'
actionpack (7.0.1) lib/action_dispatch/middleware/actionable_exceptions.rb:17:in `call'
actionpack (7.0.1) lib/action_dispatch/middleware/debug_exceptions.rb:28:in `call'
web-console (4.2.0) lib/web_console/middleware.rb:132:in `call_app'
web-console (4.2.0) lib/web_console/middleware.rb:28:in `block in call'
web-console (4.2.0) lib/web_console/middleware.rb:17:in `catch'
web-console (4.2.0) lib/web_console/middleware.rb:17:in `call'
actionpack (7.0.1) lib/action_dispatch/middleware/show_exceptions.rb:26:in `call'
railties (7.0.1) lib/rails/rack/logger.rb:36:in `call_app'
railties (7.0.1) lib/rails/rack/logger.rb:25:in `block in call'
activesupport (7.0.1) lib/active_support/tagged_logging.rb:99:in `block in tagged'
activesupport (7.0.1) lib/active_support/tagged_logging.rb:37:in `tagged'
activesupport (7.0.1) lib/active_support/tagged_logging.rb:99:in `tagged'
railties (7.0.1) lib/rails/rack/logger.rb:25:in `call'
sprockets-rails (3.4.2) lib/sprockets/rails/quiet_assets.rb:13:in `call'
actionpack (7.0.1) lib/action_dispatch/middleware/remote_ip.rb:93:in `call'
actionpack (7.0.1) lib/action_dispatch/middleware/request_id.rb:26:in `call'
rack (2.2.3) lib/rack/method_override.rb:24:in `call'
rack (2.2.3) lib/rack/runtime.rb:22:in `call'
activesupport (7.0.1) lib/active_support/cache/strategy/local_cache_middleware.rb:29:in `call'
actionpack (7.0.1) lib/action_dispatch/middleware/server_timing.rb:20:in `call'
actionpack (7.0.1) lib/action_dispatch/middleware/executor.rb:14:in `call'
actionpack (7.0.1) lib/action_dispatch/middleware/static.rb:23:in `call'
rack (2.2.3) lib/rack/sendfile.rb:110:in `call'
actionpack (7.0.1) lib/action_dispatch/middleware/host_authorization.rb:137:in `call'
railties (7.0.1) lib/rails/engine.rb:530:in `call'
puma (5.5.2) lib/puma/configuration.rb:249:in `call'
puma (5.5.2) lib/puma/request.rb:77:in `block in handle_request'
puma (5.5.2) lib/puma/thread_pool.rb:340:in `with_force_shutdown'
puma (5.5.2) lib/puma/request.rb:76:in `handle_request'
puma (5.5.2) lib/puma/server.rb:447:in `process_client'
puma (5.5.2) lib/puma/thread_pool.rb:147:in `block in spawn_thread'
Started GET "/" for 127.0.0.1 at 2022-01-25 12:19:54 +0200
  
ActiveRecord::NoDatabaseError (We could not find your database: hellorails_development. Which can be found in the database configuration file located at config/database.yml.

To resolve this issue:

- Did you create the database for this app, or delete it? You may need to create your database.
- Has the database name changed? Check your database.yml config has the correct database name.

To create your database, run:

        bin/rails db:create
):
  
activerecord (7.0.1) lib/active_record/connection_adapters/postgresql_adapter.rb:81:in `rescue in new_client'
activerecord (7.0.1) lib/active_record/connection_adapters/postgresql_adapter.rb:77:in `new_client'
activerecord (7.0.1) lib/active_record/connection_adapters/postgresql_adapter.rb:37:in `postgresql_connection'
activerecord (7.0.1) lib/active_record/connection_adapters/abstract/connection_pool.rb:656:in `public_send'
activerecord (7.0.1) lib/active_record/connection_adapters/abstract/connection_pool.rb:656:in `new_connection'
activerecord (7.0.1) lib/active_record/connection_adapters/abstract/connection_pool.rb:700:in `checkout_new_connection'
activerecord (7.0.1) lib/active_record/connection_adapters/abstract/connection_pool.rb:679:in `try_to_checkout_new_connection'
activerecord (7.0.1) lib/active_record/connection_adapters/abstract/connection_pool.rb:640:in `acquire_connection'
activerecord (7.0.1) lib/active_record/connection_adapters/abstract/connection_pool.rb:341:in `checkout'
activerecord (7.0.1) lib/active_record/connection_adapters/abstract/connection_pool.rb:181:in `connection'
activerecord (7.0.1) lib/active_record/connection_adapters/abstract/connection_handler.rb:211:in `retrieve_connection'
activerecord (7.0.1) lib/active_record/connection_handling.rb:313:in `retrieve_connection'
activerecord (7.0.1) lib/active_record/connection_handling.rb:280:in `connection'
activerecord (7.0.1) lib/active_record/migration.rb:613:in `connection'
activerecord (7.0.1) lib/active_record/migration.rb:608:in `build_watcher'
activerecord (7.0.1) lib/active_record/migration.rb:590:in `block in call'
activerecord (7.0.1) lib/active_record/migration.rb:589:in `synchronize'
activerecord (7.0.1) lib/active_record/migration.rb:589:in `call'
actionpack (7.0.1) lib/action_dispatch/middleware/callbacks.rb:27:in `block in call'
activesupport (7.0.1) lib/active_support/callbacks.rb:99:in `run_callbacks'
actionpack (7.0.1) lib/action_dispatch/middleware/callbacks.rb:26:in `call'
actionpack (7.0.1) lib/action_dispatch/middleware/executor.rb:14:in `call'
actionpack (7.0.1) lib/action_dispatch/middleware/actionable_exceptions.rb:17:in `call'
actionpack (7.0.1) lib/action_dispatch/middleware/debug_exceptions.rb:28:in `call'
web-console (4.2.0) lib/web_console/middleware.rb:132:in `call_app'
web-console (4.2.0) lib/web_console/middleware.rb:28:in `block in call'
web-console (4.2.0) lib/web_console/middleware.rb:17:in `catch'
web-console (4.2.0) lib/web_console/middleware.rb:17:in `call'
actionpack (7.0.1) lib/action_dispatch/middleware/show_exceptions.rb:26:in `call'
railties (7.0.1) lib/rails/rack/logger.rb:36:in `call_app'
railties (7.0.1) lib/rails/rack/logger.rb:25:in `block in call'
activesupport (7.0.1) lib/active_support/tagged_logging.rb:99:in `block in tagged'
activesupport (7.0.1) lib/active_support/tagged_logging.rb:37:in `tagged'
activesupport (7.0.1) lib/active_support/tagged_logging.rb:99:in `tagged'
railties (7.0.1) lib/rails/rack/logger.rb:25:in `call'
sprockets-rails (3.4.2) lib/sprockets/rails/quiet_assets.rb:13:in `call'
actionpack (7.0.1) lib/action_dispatch/middleware/remote_ip.rb:93:in `call'
actionpack (7.0.1) lib/action_dispatch/middleware/request_id.rb:26:in `call'
rack (2.2.3) lib/rack/method_override.rb:24:in `call'
rack (2.2.3) lib/rack/runtime.rb:22:in `call'
activesupport (7.0.1) lib/active_support/cache/strategy/local_cache_middleware.rb:29:in `call'
actionpack (7.0.1) lib/action_dispatch/middleware/server_timing.rb:20:in `call'
actionpack (7.0.1) lib/action_dispatch/middleware/executor.rb:14:in `call'
actionpack (7.0.1) lib/action_dispatch/middleware/static.rb:23:in `call'
rack (2.2.3) lib/rack/sendfile.rb:110:in `call'
actionpack (7.0.1) lib/action_dispatch/middleware/host_authorization.rb:137:in `call'
railties (7.0.1) lib/rails/engine.rb:530:in `call'
puma (5.5.2) lib/puma/configuration.rb:249:in `call'
puma (5.5.2) lib/puma/request.rb:77:in `block in handle_request'
puma (5.5.2) lib/puma/thread_pool.rb:340:in `with_force_shutdown'
puma (5.5.2) lib/puma/request.rb:76:in `handle_request'
puma (5.5.2) lib/puma/server.rb:447:in `process_client'
puma (5.5.2) lib/puma/thread_pool.rb:147:in `block in spawn_thread'
  [1m[35m (0.3ms)[0m  [1m[35mCREATE DATABASE "hellorails_development" ENCODING = 'unicode'[0m
Started GET "/" for 127.0.0.1 at 2022-01-25 14:50:38 +0200
  
ActiveRecord::NoDatabaseError (We could not find your database: hellorails_development. Which can be found in the database configuration file located at config/database.yml.

To resolve this issue:

- Did you create the database for this app, or delete it? You may need to create your database.
- Has the database name changed? Check your database.yml config has the correct database name.

To create your database, run:

        bin/rails db:create
):
  
activerecord (7.0.1) lib/active_record/connection_adapters/postgresql_adapter.rb:81:in `rescue in new_client'
activerecord (7.0.1) lib/active_record/connection_adapters/postgresql_adapter.rb:77:in `new_client'
activerecord (7.0.1) lib/active_record/connection_adapters/postgresql_adapter.rb:37:in `postgresql_connection'
activerecord (7.0.1) lib/active_record/connection_adapters/abstract/connection_pool.rb:656:in `public_send'
activerecord (7.0.1) lib/active_record/connection_adapters/abstract/connection_pool.rb:656:in `new_connection'
activerecord (7.0.1) lib/active_record/connection_adapters/abstract/connection_pool.rb:700:in `checkout_new_connection'
activerecord (7.0.1) lib/active_record/connection_adapters/abstract/connection_pool.rb:679:in `try_to_checkout_new_connection'
activerecord (7.0.1) lib/active_record/connection_adapters/abstract/connection_pool.rb:640:in `acquire_connection'
activerecord (7.0.1) lib/active_record/connection_adapters/abstract/connection_pool.rb:341:in `checkout'
activerecord (7.0.1) lib/active_record/connection_adapters/abstract/connection_pool.rb:181:in `connection'
activerecord (7.0.1) lib/active_record/connection_adapters/abstract/connection_handler.rb:211:in `retrieve_connection'
activerecord (7.0.1) lib/active_record/connection_handling.rb:313:in `retrieve_connection'
activerecord (7.0.1) lib/active_record/connection_handling.rb:280:in `connection'
activerecord (7.0.1) lib/active_record/migration.rb:613:in `connection'
activerecord (7.0.1) lib/active_record/migration.rb:608:in `build_watcher'
activerecord (7.0.1) lib/active_record/migration.rb:590:in `block in call'
activerecord (7.0.1) lib/active_record/migration.rb:589:in `synchronize'
activerecord (7.0.1) lib/active_record/migration.rb:589:in `call'
actionpack (7.0.1) lib/action_dispatch/middleware/callbacks.rb:27:in `block in call'
activesupport (7.0.1) lib/active_support/callbacks.rb:99:in `run_callbacks'
actionpack (7.0.1) lib/action_dispatch/middleware/callbacks.rb:26:in `call'
actionpack (7.0.1) lib/action_dispatch/middleware/executor.rb:14:in `call'
actionpack (7.0.1) lib/action_dispatch/middleware/actionable_exceptions.rb:17:in `call'
actionpack (7.0.1) lib/action_dispatch/middleware/debug_exceptions.rb:28:in `call'
web-console (4.2.0) lib/web_console/middleware.rb:132:in `call_app'
web-console (4.2.0) lib/web_console/middleware.rb:28:in `block in call'
web-console (4.2.0) lib/web_console/middleware.rb:17:in `catch'
web-console (4.2.0) lib/web_console/middleware.rb:17:in `call'
actionpack (7.0.1) lib/action_dispatch/middleware/show_exceptions.rb:26:in `call'
railties (7.0.1) lib/rails/rack/logger.rb:36:in `call_app'
railties (7.0.1) lib/rails/rack/logger.rb:25:in `block in call'
activesupport (7.0.1) lib/active_support/tagged_logging.rb:99:in `block in tagged'
activesupport (7.0.1) lib/active_support/tagged_logging.rb:37:in `tagged'
activesupport (7.0.1) lib/active_support/tagged_logging.rb:99:in `tagged'
railties (7.0.1) lib/rails/rack/logger.rb:25:in `call'
sprockets-rails (3.4.2) lib/sprockets/rails/quiet_assets.rb:13:in `call'
actionpack (7.0.1) lib/action_dispatch/middleware/remote_ip.rb:93:in `call'
actionpack (7.0.1) lib/action_dispatch/middleware/request_id.rb:26:in `call'
rack (2.2.3) lib/rack/method_override.rb:24:in `call'
rack (2.2.3) lib/rack/runtime.rb:22:in `call'
activesupport (7.0.1) lib/active_support/cache/strategy/local_cache_middleware.rb:29:in `call'
actionpack (7.0.1) lib/action_dispatch/middleware/server_timing.rb:20:in `call'
actionpack (7.0.1) lib/action_dispatch/middleware/executor.rb:14:in `call'
actionpack (7.0.1) lib/action_dispatch/middleware/static.rb:23:in `call'
rack (2.2.3) lib/rack/sendfile.rb:110:in `call'
actionpack (7.0.1) lib/action_dispatch/middleware/host_authorization.rb:137:in `call'
railties (7.0.1) lib/rails/engine.rb:530:in `call'
puma (5.5.2) lib/puma/configuration.rb:249:in `call'
puma (5.5.2) lib/puma/request.rb:77:in `block in handle_request'
puma (5.5.2) lib/puma/thread_pool.rb:340:in `with_force_shutdown'
puma (5.5.2) lib/puma/request.rb:76:in `handle_request'
puma (5.5.2) lib/puma/server.rb:447:in `process_client'
puma (5.5.2) lib/puma/thread_pool.rb:147:in `block in spawn_thread'
Started POST "/rails/actions" for 127.0.0.1 at 2022-01-25 14:50:42 +0200
  [1m[35m (2.6ms)[0m  [1m[35mCREATE DATABASE "hellorails_development" ENCODING = 'unicode'[0m
  
ActiveRecord::StatementInvalid (PG::InsufficientPrivilege: ERROR:  permission denied to create database
):
  
activerecord (7.0.1) lib/active_record/connection_adapters/postgresql/database_statements.rb:48:in `exec'
activerecord (7.0.1) lib/active_record/connection_adapters/postgresql/database_statements.rb:48:in `block (2 levels) in execute'
activesupport (7.0.1) lib/active_support/concurrency/share_lock.rb:187:in `yield_shares'
activesupport (7.0.1) lib/active_support/dependencies/interlock.rb:41:in `permit_concurrent_loads'
activerecord (7.0.1) lib/active_record/connection_adapters/postgresql/database_statements.rb:47:in `block in execute'
activesupport (7.0.1) lib/active_support/concurrency/load_interlock_aware_monitor.rb:25:in `handle_interrupt'
activesupport (7.0.1) lib/active_support/concurrency/load_interlock_aware_monitor.rb:25:in `block in synchronize'
activesupport (7.0.1) lib/active_support/concurrency/load_interlock_aware_monitor.rb:21:in `handle_interrupt'
activesupport (7.0.1) lib/active_support/concurrency/load_interlock_aware_monitor.rb:21:in `synchronize'
activerecord (7.0.1) lib/active_record/connection_adapters/abstract_adapter.rb:765:in `block in log'
activesupport (7.0.1) lib/active_support/notifications/instrumenter.rb:24:in `instrument'
activerecord (7.0.1) lib/active_record/connection_adapters/abstract_adapter.rb:756:in `log'
activerecord (7.0.1) lib/active_record/connection_adapters/postgresql/database_statements.rb:46:in `execute'
activerecord (7.0.1) lib/active_record/connection_adapters/postgresql/schema_statements.rb:46:in `create_database'
activerecord (7.0.1) lib/active_record/tasks/postgresql_database_tasks.rb:26:in `create'
activerecord (7.0.1) lib/active_record/tasks/database_tasks.rb:122:in `create'
activerecord (7.0.1) lib/active_record/tasks/database_tasks.rb:184:in `block in create_current'
activerecord (7.0.1) lib/active_record/tasks/database_tasks.rb:552:in `block (2 levels) in each_current_configuration'
activerecord (7.0.1) lib/active_record/tasks/database_tasks.rb:549:in `each'
activerecord (7.0.1) lib/active_record/tasks/database_tasks.rb:549:in `block in each_current_configuration'
activerecord (7.0.1) lib/active_record/tasks/database_tasks.rb:548:in `each'
activerecord (7.0.1) lib/active_record/tasks/database_tasks.rb:548:in `each_current_configuration'
activerecord (7.0.1) lib/active_record/tasks/database_tasks.rb:184:in `create_current'
activerecord (7.0.1) lib/active_record/errors.rb:242:in `block in <class:NoDatabaseError>'
activesupport (7.0.1) lib/active_support/actionable_error.rb:28:in `dispatch'
actionpack (7.0.1) lib/action_dispatch/middleware/actionable_exceptions.rb:19:in `call'
actionpack (7.0.1) lib/action_dispatch/middleware/debug_exceptions.rb:28:in `call'
web-console (4.2.0) lib/web_console/middleware.rb:132:in `call_app'
web-console (4.2.0) lib/web_console/middleware.rb:28:in `block in call'
web-console (4.2.0) lib/web_console/middleware.rb:17:in `catch'
web-console (4.2.0) lib/web_console/middleware.rb:17:in `call'
actionpack (7.0.1) lib/action_dispatch/middleware/show_exceptions.rb:26:in `call'
railties (7.0.1) lib/rails/rack/logger.rb:36:in `call_app'
railties (7.0.1) lib/rails/rack/logger.rb:25:in `block in call'
activesupport (7.0.1) lib/active_support/tagged_logging.rb:99:in `block in tagged'
activesupport (7.0.1) lib/active_support/tagged_logging.rb:37:in `tagged'
activesupport (7.0.1) lib/active_support/tagged_logging.rb:99:in `tagged'
railties (7.0.1) lib/rails/rack/logger.rb:25:in `call'
sprockets-rails (3.4.2) lib/sprockets/rails/quiet_assets.rb:13:in `call'
actionpack (7.0.1) lib/action_dispatch/middleware/remote_ip.rb:93:in `call'
actionpack (7.0.1) lib/action_dispatch/middleware/request_id.rb:26:in `call'
rack (2.2.3) lib/rack/method_override.rb:24:in `call'
rack (2.2.3) lib/rack/runtime.rb:22:in `call'
activesupport (7.0.1) lib/active_support/cache/strategy/local_cache_middleware.rb:29:in `call'
actionpack (7.0.1) lib/action_dispatch/middleware/server_timing.rb:20:in `call'
actionpack (7.0.1) lib/action_dispatch/middleware/executor.rb:14:in `call'
actionpack (7.0.1) lib/action_dispatch/middleware/static.rb:23:in `call'
rack (2.2.3) lib/rack/sendfile.rb:110:in `call'
actionpack (7.0.1) lib/action_dispatch/middleware/host_authorization.rb:137:in `call'
railties (7.0.1) lib/rails/engine.rb:530:in `call'
puma (5.5.2) lib/puma/configuration.rb:249:in `call'
puma (5.5.2) lib/puma/request.rb:77:in `block in handle_request'
puma (5.5.2) lib/puma/thread_pool.rb:340:in `with_force_shutdown'
puma (5.5.2) lib/puma/request.rb:76:in `handle_request'
puma (5.5.2) lib/puma/server.rb:447:in `process_client'
puma (5.5.2) lib/puma/thread_pool.rb:147:in `block in spawn_thread'
Started POST "/rails/actions" for 127.0.0.1 at 2022-01-25 17:55:56 +0200
  [1m[35m (8330.3ms)[0m  [1m[35mCREATE DATABASE "hellorails_development" ENCODING = 'unicode'[0m
  [1m[35m (8132.8ms)[0m  [1m[35mCREATE DATABASE "hellorails_test" ENCODING = 'unicode'[0m
Started GET "/" for 127.0.0.1 at 2022-01-25 17:56:15 +0200
Processing by Rails::WelcomeController#index as HTML
  Rendering /home/tchiloross/.rbenv/versions/3.0.1/lib/ruby/gems/3.0.0/gems/railties-7.0.1/lib/rails/templates/rails/welcome/index.html.erb
  Rendered /home/tchiloross/.rbenv/versions/3.0.1/lib/ruby/gems/3.0.0/gems/railties-7.0.1/lib/rails/templates/rails/welcome/index.html.erb (Duration: 120.2ms | Allocations: 395)
Completed 200 OK in 1348ms (Views: 183.8ms | ActiveRecord: 0.0ms | Allocations: 4517)


Started GET "/" for 127.0.0.1 at 2022-01-25 18:01:38 +0200
Processing by Rails::WelcomeController#index as HTML
  Rendering /home/tchiloross/.rbenv/versions/3.0.1/lib/ruby/gems/3.0.0/gems/railties-7.0.1/lib/rails/templates/rails/welcome/index.html.erb
  Rendered /home/tchiloross/.rbenv/versions/3.0.1/lib/ruby/gems/3.0.0/gems/railties-7.0.1/lib/rails/templates/rails/welcome/index.html.erb (Duration: 8.3ms | Allocations: 711)
Completed 200 OK in 189ms (Views: 56.3ms | ActiveRecord: 0.0ms | Allocations: 6367)


Started GET "/home" for 127.0.0.1 at 2022-01-25 18:01:44 +0200
  
ActionController::RoutingError (No route matches [GET] "/home"):
  
Started GET "/hello" for 127.0.0.1 at 2022-01-25 18:01:52 +0200
  
ActionController::RoutingError (No route matches [GET] "/hello"):
  
Started GET "/pages" for 127.0.0.1 at 2022-01-25 18:02:01 +0200
  
ActionController::RoutingError (No route matches [GET] "/pages"):
  
Started GET "/pages/hello" for 127.0.0.1 at 2022-01-25 18:02:07 +0200
Processing by PagesController#hello as HTML
  Rendering layout layouts/application.html.erb
  Rendering pages/hello.html.erb within layouts/application
  Rendered pages/hello.html.erb within layouts/application (Duration: 38.8ms | Allocations: 147)
  Rendered layout layouts/application.html.erb (Duration: 1043.5ms | Allocations: 90729)
Completed 200 OK in 1091ms (Views: 1086.5ms | ActiveRecord: 0.0ms | Allocations: 91979)


Started GET "/pages/hello" for 127.0.0.1 at 2022-01-25 18:02:24 +0200
Processing by PagesController#hello as HTML
  Rendering layout layouts/application.html.erb
  Rendering pages/hello.html.erb within layouts/application
  Rendered pages/hello.html.erb within layouts/application (Duration: 1.4ms | Allocations: 147)
  Rendered layout layouts/application.html.erb (Duration: 9.0ms | Allocations: 2884)
Completed 200 OK in 14ms (Views: 12.6ms | ActiveRecord: 0.0ms | Allocations: 4038)


Started GET "/pages/hello" for 127.0.0.1 at 2022-01-25 18:04:48 +0200
  
ArgumentError (Missing :action key on routes definition, please check your routes.):
  
config/routes.rb:2:in `block in <main>'
config/routes.rb:1:in `<main>'
Started GET "/" for 127.0.0.1 at 2022-01-25 18:04:55 +0200
  
ActionController::RoutingError (No route matches [GET] "/"):
  
Started GET "/" for 127.0.0.1 at 2022-01-25 18:05:00 +0200
  
ActionController::RoutingError (No route matches [GET] "/"):
  
Started GET "/" for 127.0.0.1 at 2022-01-25 18:06:22 +0200
Processing by PagesController#hello as HTML
  Rendering layout layouts/application.html.erb
  Rendering pages/hello.html.erb within layouts/application
  Rendered pages/hello.html.erb within layouts/application (Duration: 1.8ms | Allocations: 144)
  Rendered layout layouts/application.html.erb (Duration: 40.4ms | Allocations: 13892)
Completed 200 OK in 47ms (Views: 43.6ms | ActiveRecord: 0.0ms | Allocations: 15071)


Started GET "/" for 127.0.0.1 at 2022-01-25 20:02:08 +0200
Processing by PagesController#hello as HTML
  Rendering layout layouts/application.html.erb
  Rendering pages/hello.html.erb within layouts/application
  Rendered pages/hello.html.erb within layouts/application (Duration: 6.7ms | Allocations: 446)
  Rendered layout layouts/application.html.erb (Duration: 659.6ms | Allocations: 35080)
Completed 200 OK in 717ms (Views: 665.1ms | ActiveRecord: 0.0ms | Allocations: 40890)


